<?xml version="1.0" encoding="UTF-8"?>
<testng-results ignored="0" total="3" passed="3" failed="0" skipped="0">
  <reporter-output>
  </reporter-output>
  <suite started-at="2024-07-02T16:46:26 IST" name="Default suite" finished-at="2024-07-02T16:47:39 IST" duration-ms="72649">
    <groups>
      <group name="cucumber">
        <method signature="AbstractTestNGCucumberTests.runScenario(io.cucumber.testng.PickleWrapper,io.cucumber.testng.FeatureWrapper)[pri:0, instance:testRunner.Runner@2a5c8d3f]" name="runScenario" class="io.cucumber.testng.AbstractTestNGCucumberTests"/>
      </group> <!-- cucumber -->
    </groups>
    <test started-at="2024-07-02T16:46:26 IST" name="Default test" finished-at="2024-07-02T16:47:39 IST" duration-ms="72649">
      <class name="testRunner.Runner">
        <test-method is-config="true" signature="setUpClass(org.testng.ITestContext)[pri:0, instance:testRunner.Runner@2a5c8d3f]" started-at="2024-07-02T16:46:26 IST" name="setUpClass" finished-at="2024-07-02T16:46:28 IST" duration-ms="1642" status="PASS">
          <params>
            <param index="0">
              <value>
                <![CDATA[org.testng.TestRunner@65b97f47]]>
              </value>
            </param>
          </params>
          <reporter-output>
          </reporter-output>
        </test-method> <!-- setUpClass -->
        <test-method signature="runScenario(io.cucumber.testng.PickleWrapper,io.cucumber.testng.FeatureWrapper)[pri:0, instance:testRunner.Runner@2a5c8d3f]" started-at="2024-07-02T16:46:28 IST" name="runScenario" description="Runs Cucumber Scenarios" data-provider="scenarios" finished-at="2024-07-02T16:47:11 IST" duration-ms="43566" status="PASS">
          <params>
            <param index="0">
              <value>
                <![CDATA["Book an appoinment"]]>
              </value>
            </param>
            <param index="1">
              <value>
                <![CDATA["CURA health care application test"]]>
              </value>
            </param>
          </params>
          <reporter-output>
          </reporter-output>
        </test-method> <!-- runScenario -->
        <test-method signature="runScenario(io.cucumber.testng.PickleWrapper,io.cucumber.testng.FeatureWrapper)[pri:0, instance:testRunner.Runner@2a5c8d3f]" started-at="2024-07-02T16:47:11 IST" name="runScenario" description="Runs Cucumber Scenarios" data-provider="scenarios" finished-at="2024-07-02T16:47:25 IST" duration-ms="13475" status="PASS">
          <params>
            <param index="0">
              <value>
                <![CDATA["Login should be success"]]>
              </value>
            </param>
            <param index="1">
              <value>
                <![CDATA["CURA health care application test"]]>
              </value>
            </param>
          </params>
          <reporter-output>
          </reporter-output>
        </test-method> <!-- runScenario -->
        <test-method signature="runScenario(io.cucumber.testng.PickleWrapper,io.cucumber.testng.FeatureWrapper)[pri:0, instance:testRunner.Runner@2a5c8d3f]" started-at="2024-07-02T16:47:25 IST" name="runScenario" description="Runs Cucumber Scenarios" data-provider="scenarios" finished-at="2024-07-02T16:47:39 IST" duration-ms="13716" status="PASS">
          <params>
            <param index="0">
              <value>
                <![CDATA["Login should not be success"]]>
              </value>
            </param>
            <param index="1">
              <value>
                <![CDATA["CURA health care application test"]]>
              </value>
            </param>
          </params>
          <reporter-output>
          </reporter-output>
        </test-method> <!-- runScenario -->
        <test-method is-config="true" signature="tearDownClass()[pri:0, instance:testRunner.Runner@2a5c8d3f]" started-at="2024-07-02T16:47:39 IST" name="tearDownClass" finished-at="2024-07-02T16:47:39 IST" duration-ms="147" status="PASS">
          <reporter-output>
          </reporter-output>
        </test-method> <!-- tearDownClass -->
      </class> <!-- testRunner.Runner -->
    </test> <!-- Default test -->
  </suite> <!-- Default suite -->
</testng-results>
